2016/05/01 01:46:21 Starting deployment ...
2016/05/01 01:46:22 Ambari: cleaning up cluster...
2016/05/01 01:46:25 Ambari: clean up done
2016/05/01 01:46:25 Ambari: Launching consul
2016/05/01 01:46:25 Ambari: Waiting for consul server to start...
2016/05/01 01:46:26 Ambari: Launching Ambari server
2016/05/01 01:46:27 Ambari: Waiting for ambari server to start...
2016/05/01 01:46:42 Ambari: registering consul services
2016/05/01 01:46:45 Ambari: launching ambari slaves...
2016/05/01 01:47:09 Ambari: creating ambari cluster using blueprint: ha-hdfs
2016/05/01 01:47:09 Ambari: waiting to expose namenode service
2016/05/01 01:47:26 Ambari: namenode running on pod: amb-slave3.service.consul 
2016/05/01 01:47:27 Ambari: Done!
2016/05/01 01:47:27 Rabbitmq: cleaning up cluster...
2016/05/01 01:47:28 Rabbitmq: Launching rabbitmq
2016/05/01 01:47:28 Rabbitmq: Waiting for Rabbitmq pods to start...
2016/05/01 01:47:35 Rabbitmq: done
2016/05/01 01:47:35 Kafka: cleaning up cluster...
2016/05/01 01:47:36 Kafka: Launching zookeeper services
2016/05/01 01:47:37 Kafka: Launching zookeeper servers
2016/05/01 01:47:37 Kafka: Waiting for zookeeper server to start...
2016/05/01 01:48:10 Kafka: Launching kafka clients
2016/05/01 01:48:10 Kafka: Launching kafka service
2016/05/01 01:48:11 Kafka: Waiting for kafka client to start...
2016/05/01 01:48:17 Kafka: Done!
2016/05/01 01:48:17 Spark: cleaning up cluster...
2016/05/01 01:48:19 Spark: Launching spark master
2016/05/01 01:48:19 Spark: Waiting for spark master to start...
2016/05/01 01:48:31 Spark: Launching spark workers
2016/05/01 01:48:36 Spark: Waiting for spark workers to start...
2016/05/01 01:49:30 Spark: Launching spark driver
2016/05/01 01:49:31 Spark: Done!
2016/05/01 01:49:31 Cassandra: cleaning up cluster...
2016/05/01 01:49:32 Cassandra: Launching cassandra pods
2016/05/01 01:49:32 Cassandra: Waiting for cassandra pods to start...
2016/05/01 01:49:44 Cassandra: Done!
